Analysis & Synthesis report for nRisc_core
Fri Feb 04 15:26:22 2022
Quartus II 64-Bit Version 13.0.1 Build 232 06/12/2013 Service Pack 1 SJ Web Edition


---------------------
; Table of Contents ;
---------------------
  1. Legal Notice
  2. Analysis & Synthesis Summary
  3. Analysis & Synthesis Settings
  4. Parallel Compilation
  5. Analysis & Synthesis Source Files Read
  6. Analysis & Synthesis Resource Usage Summary
  7. Analysis & Synthesis Resource Utilization by Entity
  8. General Register Statistics
  9. Port Connectivity Checks: "alu:AL_MODULE"
 10. Port Connectivity Checks: "instructions_memory:IM_MODULE"
 11. Port Connectivity Checks: "program_counter:PC_MODULE"
 12. Elapsed Time Per Partition
 13. Analysis & Synthesis Messages



----------------
; Legal Notice ;
----------------
Copyright (C) 1991-2013 Altera Corporation
Your use of Altera Corporation's design tools, logic functions 
and other software and tools, and its AMPP partner logic 
functions, and any output files from any of the foregoing 
(including device programming or simulation files), and any 
associated documentation or information are expressly subject 
to the terms and conditions of the Altera Program License 
Subscription Agreement, Altera MegaCore Function License 
Agreement, or other applicable license agreement, including, 
without limitation, that your use is for the sole purpose of 
programming logic devices manufactured by Altera and sold by 
Altera or its authorized distributors.  Please refer to the 
applicable agreement for further details.



+--------------------------------------------------------------------------------------+
; Analysis & Synthesis Summary                                                         ;
+------------------------------------+-------------------------------------------------+
; Analysis & Synthesis Status        ; Successful - Fri Feb 04 15:26:22 2022           ;
; Quartus II 64-Bit Version          ; 13.0.1 Build 232 06/12/2013 SP 1 SJ Web Edition ;
; Revision Name                      ; nRisc_core                                      ;
; Top-level Entity Name              ; nRisc_core                                      ;
; Family                             ; Cyclone IV E                                    ;
; Total logic elements               ; 0                                               ;
;     Total combinational functions  ; 0                                               ;
;     Dedicated logic registers      ; 0                                               ;
; Total registers                    ; 0                                               ;
; Total pins                         ; 1                                               ;
; Total virtual pins                 ; 0                                               ;
; Total memory bits                  ; 0                                               ;
; Embedded Multiplier 9-bit elements ; 0                                               ;
; Total PLLs                         ; 0                                               ;
+------------------------------------+-------------------------------------------------+


+----------------------------------------------------------------------------------------------------------------------+
; Analysis & Synthesis Settings                                                                                        ;
+----------------------------------------------------------------------------+--------------------+--------------------+
; Option                                                                     ; Setting            ; Default Value      ;
+----------------------------------------------------------------------------+--------------------+--------------------+
; Device                                                                     ; EP4CE6E22C8        ;                    ;
; Top-level entity name                                                      ; nRisc_core         ; nRisc_core         ;
; Family name                                                                ; Cyclone IV E       ; Cyclone IV GX      ;
; Use smart compilation                                                      ; Off                ; Off                ;
; Enable parallel Assembler and TimeQuest Timing Analyzer during compilation ; On                 ; On                 ;
; Enable compact report table                                                ; Off                ; Off                ;
; Restructure Multiplexers                                                   ; Auto               ; Auto               ;
; Create Debugging Nodes for IP Cores                                        ; Off                ; Off                ;
; Preserve fewer node names                                                  ; On                 ; On                 ;
; Disable OpenCore Plus hardware evaluation                                  ; Off                ; Off                ;
; Verilog Version                                                            ; Verilog_2001       ; Verilog_2001       ;
; VHDL Version                                                               ; VHDL_1993          ; VHDL_1993          ;
; State Machine Processing                                                   ; Auto               ; Auto               ;
; Safe State Machine                                                         ; Off                ; Off                ;
; Extract Verilog State Machines                                             ; On                 ; On                 ;
; Extract VHDL State Machines                                                ; On                 ; On                 ;
; Ignore Verilog initial constructs                                          ; Off                ; Off                ;
; Iteration limit for constant Verilog loops                                 ; 5000               ; 5000               ;
; Iteration limit for non-constant Verilog loops                             ; 250                ; 250                ;
; Add Pass-Through Logic to Inferred RAMs                                    ; On                 ; On                 ;
; Infer RAMs from Raw Logic                                                  ; On                 ; On                 ;
; Parallel Synthesis                                                         ; On                 ; On                 ;
; DSP Block Balancing                                                        ; Auto               ; Auto               ;
; NOT Gate Push-Back                                                         ; On                 ; On                 ;
; Power-Up Don't Care                                                        ; On                 ; On                 ;
; Remove Redundant Logic Cells                                               ; Off                ; Off                ;
; Remove Duplicate Registers                                                 ; On                 ; On                 ;
; Ignore CARRY Buffers                                                       ; Off                ; Off                ;
; Ignore CASCADE Buffers                                                     ; Off                ; Off                ;
; Ignore GLOBAL Buffers                                                      ; Off                ; Off                ;
; Ignore ROW GLOBAL Buffers                                                  ; Off                ; Off                ;
; Ignore LCELL Buffers                                                       ; Off                ; Off                ;
; Ignore SOFT Buffers                                                        ; On                 ; On                 ;
; Limit AHDL Integers to 32 Bits                                             ; Off                ; Off                ;
; Optimization Technique                                                     ; Balanced           ; Balanced           ;
; Carry Chain Length                                                         ; 70                 ; 70                 ;
; Auto Carry Chains                                                          ; On                 ; On                 ;
; Auto Open-Drain Pins                                                       ; On                 ; On                 ;
; Perform WYSIWYG Primitive Resynthesis                                      ; Off                ; Off                ;
; Auto ROM Replacement                                                       ; On                 ; On                 ;
; Auto RAM Replacement                                                       ; On                 ; On                 ;
; Auto DSP Block Replacement                                                 ; On                 ; On                 ;
; Auto Shift Register Replacement                                            ; Auto               ; Auto               ;
; Allow Shift Register Merging across Hierarchies                            ; Auto               ; Auto               ;
; Auto Clock Enable Replacement                                              ; On                 ; On                 ;
; Strict RAM Replacement                                                     ; Off                ; Off                ;
; Allow Synchronous Control Signals                                          ; On                 ; On                 ;
; Force Use of Synchronous Clear Signals                                     ; Off                ; Off                ;
; Auto RAM Block Balancing                                                   ; On                 ; On                 ;
; Auto RAM to Logic Cell Conversion                                          ; Off                ; Off                ;
; Auto Resource Sharing                                                      ; Off                ; Off                ;
; Allow Any RAM Size For Recognition                                         ; Off                ; Off                ;
; Allow Any ROM Size For Recognition                                         ; Off                ; Off                ;
; Allow Any Shift Register Size For Recognition                              ; Off                ; Off                ;
; Use LogicLock Constraints during Resource Balancing                        ; On                 ; On                 ;
; Ignore translate_off and synthesis_off directives                          ; Off                ; Off                ;
; Timing-Driven Synthesis                                                    ; On                 ; On                 ;
; Report Parameter Settings                                                  ; On                 ; On                 ;
; Report Source Assignments                                                  ; On                 ; On                 ;
; Report Connectivity Checks                                                 ; On                 ; On                 ;
; Ignore Maximum Fan-Out Assignments                                         ; Off                ; Off                ;
; Synchronization Register Chain Length                                      ; 2                  ; 2                  ;
; PowerPlay Power Optimization                                               ; Normal compilation ; Normal compilation ;
; HDL message level                                                          ; Level2             ; Level2             ;
; Suppress Register Optimization Related Messages                            ; Off                ; Off                ;
; Number of Removed Registers Reported in Synthesis Report                   ; 5000               ; 5000               ;
; Number of Swept Nodes Reported in Synthesis Report                         ; 5000               ; 5000               ;
; Number of Inverted Registers Reported in Synthesis Report                  ; 100                ; 100                ;
; Clock MUX Protection                                                       ; On                 ; On                 ;
; Auto Gated Clock Conversion                                                ; Off                ; Off                ;
; Block Design Naming                                                        ; Auto               ; Auto               ;
; SDC constraint protection                                                  ; Off                ; Off                ;
; Synthesis Effort                                                           ; Auto               ; Auto               ;
; Shift Register Replacement - Allow Asynchronous Clear Signal               ; On                 ; On                 ;
; Pre-Mapping Resynthesis Optimization                                       ; Off                ; Off                ;
; Analysis & Synthesis Message Level                                         ; Medium             ; Medium             ;
; Disable Register Merging Across Hierarchies                                ; Auto               ; Auto               ;
; Resource Aware Inference For Block RAM                                     ; On                 ; On                 ;
; Synthesis Seed                                                             ; 1                  ; 1                  ;
+----------------------------------------------------------------------------+--------------------+--------------------+


Parallel compilation was disabled, but you have multiple processors available. Enable parallel compilation to reduce compilation time.
+-------------------------------------+
; Parallel Compilation                ;
+----------------------------+--------+
; Processors                 ; Number ;
+----------------------------+--------+
; Number detected on machine ; 4      ;
; Maximum allowed            ; 1      ;
+----------------------------+--------+


+------------------------------------------------------------------------------------------------------------------------------------------------------------------+
; Analysis & Synthesis Source Files Read                                                                                                                           ;
+----------------------------------+-----------------+------------------------+--------------------------------------------------------------------------+---------+
; File Name with User-Entered Path ; Used in Netlist ; File Type              ; File Name with Absolute Path                                             ; Library ;
+----------------------------------+-----------------+------------------------+--------------------------------------------------------------------------+---------+
; nRisc_core.v                     ; yes             ; User Verilog HDL File  ; C:/AOC_1/nRisc_processor/nRisc_core_III/nRisc_core/nRisc_core.v          ;         ;
; program_counter.v                ; yes             ; User Verilog HDL File  ; C:/AOC_1/nRisc_processor/nRisc_core_III/nRisc_core/program_counter.v     ;         ;
; instructions_memory.v            ; yes             ; User Verilog HDL File  ; C:/AOC_1/nRisc_processor/nRisc_core_III/nRisc_core/instructions_memory.v ;         ;
; mux_alpha.v                      ; yes             ; User Verilog HDL File  ; C:/AOC_1/nRisc_processor/nRisc_core_III/nRisc_core/mux_alpha.v           ;         ;
; controler.v                      ; yes             ; User Verilog HDL File  ; C:/AOC_1/nRisc_processor/nRisc_core_III/nRisc_core/controler.v           ;         ;
; registers.v                      ; yes             ; User Verilog HDL File  ; C:/AOC_1/nRisc_processor/nRisc_core_III/nRisc_core/registers.v           ;         ;
; alu.v                            ; yes             ; User Verilog HDL File  ; C:/AOC_1/nRisc_processor/nRisc_core_III/nRisc_core/alu.v                 ;         ;
; memory.v                         ; yes             ; User Verilog HDL File  ; C:/AOC_1/nRisc_processor/nRisc_core_III/nRisc_core/memory.v              ;         ;
+----------------------------------+-----------------+------------------------+--------------------------------------------------------------------------+---------+


+-----------------------------------------------------+
; Analysis & Synthesis Resource Usage Summary         ;
+---------------------------------------------+-------+
; Resource                                    ; Usage ;
+---------------------------------------------+-------+
;                                             ;       ;
; Total combinational functions               ; 0     ;
; Logic element usage by number of LUT inputs ;       ;
;     -- 4 input functions                    ; 0     ;
;     -- 3 input functions                    ; 0     ;
;     -- <=2 input functions                  ; 0     ;
;                                             ;       ;
; Logic elements by mode                      ;       ;
;     -- normal mode                          ; 0     ;
;     -- arithmetic mode                      ; 0     ;
;                                             ;       ;
; Total registers                             ; 0     ;
;     -- Dedicated logic registers            ; 0     ;
;     -- I/O registers                        ; 0     ;
;                                             ;       ;
; I/O pins                                    ; 1     ;
; Embedded Multiplier 9-bit elements          ; 0     ;
; Maximum fan-out node                        ; clock ;
; Maximum fan-out                             ; 1     ;
; Total fan-out                               ; 1     ;
; Average fan-out                             ; 0.50  ;
+---------------------------------------------+-------+


+-----------------------------------------------------------------------------------------------------------------------------------------------------------------------------+
; Analysis & Synthesis Resource Utilization by Entity                                                                                                                         ;
+----------------------------+-------------------+--------------+-------------+--------------+---------+-----------+------+--------------+---------------------+--------------+
; Compilation Hierarchy Node ; LC Combinationals ; LC Registers ; Memory Bits ; DSP Elements ; DSP 9x9 ; DSP 18x18 ; Pins ; Virtual Pins ; Full Hierarchy Name ; Library Name ;
+----------------------------+-------------------+--------------+-------------+--------------+---------+-----------+------+--------------+---------------------+--------------+
; |nRisc_core                ; 0 (0)             ; 0 (0)        ; 0           ; 0            ; 0       ; 0         ; 1    ; 0            ; |nRisc_core         ; work         ;
+----------------------------+-------------------+--------------+-------------+--------------+---------+-----------+------+--------------+---------------------+--------------+
Note: For table entries with two numbers listed, the numbers in parentheses indicate the number of resources of the given type used by the specific entity alone. The numbers listed outside of parentheses indicate the total resources of the given type used by the specific entity and all of its sub-entities in the hierarchy.


+------------------------------------------------------+
; General Register Statistics                          ;
+----------------------------------------------+-------+
; Statistic                                    ; Value ;
+----------------------------------------------+-------+
; Total registers                              ; 0     ;
; Number of registers using Synchronous Clear  ; 0     ;
; Number of registers using Synchronous Load   ; 0     ;
; Number of registers using Asynchronous Clear ; 0     ;
; Number of registers using Asynchronous Load  ; 0     ;
; Number of registers using Clock Enable       ; 0     ;
; Number of registers using Preset             ; 0     ;
+----------------------------------------------+-------+


+---------------------------------------------------------------------------------------------------------------------------+
; Port Connectivity Checks: "alu:AL_MODULE"                                                                                 ;
+-----------------+--------+----------+-------------------------------------------------------------------------------------+
; Port            ; Type   ; Severity ; Details                                                                             ;
+-----------------+--------+----------+-------------------------------------------------------------------------------------+
; overflow_signal ; Output ; Info     ; Connected to dangling logic. Logic that only feeds a dangling port will be removed. ;
+-----------------+--------+----------+-------------------------------------------------------------------------------------+


+-------------------------------------------------------------------------------------------------------------------------------------------------------------------------------------------------------------+
; Port Connectivity Checks: "instructions_memory:IM_MODULE"                                                                                                                                                   ;
+-------+-------+----------+----------------------------------------------------------------------------------------------------------------------------------------------------------------------------------+
; Port  ; Type  ; Severity ; Details                                                                                                                                                                          ;
+-------+-------+----------+----------------------------------------------------------------------------------------------------------------------------------------------------------------------------------+
; clock ; Input ; Warning  ; Input port expression (8 bits) is wider than the input port (1 bits) it drives.  The 7 most-significant bit(s) in the expression will be dangling if they have no other fanouts. ;
+-------+-------+----------+----------------------------------------------------------------------------------------------------------------------------------------------------------------------------------+


+--------------------------------------------------------------------------------------------------------------------------------------------------------------------------------------------------------+
; Port Connectivity Checks: "program_counter:PC_MODULE"                                                                                                                                                  ;
+------------+--------+----------+-----------------------------------------------------------------------------------------------------------------------------------------------------------------------+
; Port       ; Type   ; Severity ; Details                                                                                                                                                               ;
+------------+--------+----------+-----------------------------------------------------------------------------------------------------------------------------------------------------------------------+
; out_signal ; Output ; Warning  ; Output or bidir port (1 bits) is smaller than the port expression (8 bits) it drives.  The 7 most-significant bit(s) in the port expression will be connected to GND. ;
; jumped     ; Output ; Warning  ; Declared by entity but not connected by instance. Logic that only feeds a dangling port will be removed.                                                              ;
+------------+--------+----------+-----------------------------------------------------------------------------------------------------------------------------------------------------------------------+


+-------------------------------+
; Elapsed Time Per Partition    ;
+----------------+--------------+
; Partition Name ; Elapsed Time ;
+----------------+--------------+
; Top            ; 00:00:00     ;
+----------------+--------------+


+-------------------------------+
; Analysis & Synthesis Messages ;
+-------------------------------+
Info: *******************************************************************
Info: Running Quartus II 64-Bit Analysis & Synthesis
    Info: Version 13.0.1 Build 232 06/12/2013 Service Pack 1 SJ Web Edition
    Info: Processing started: Fri Feb 04 15:26:20 2022
Info: Command: quartus_map --read_settings_files=on --write_settings_files=off nRisc_core -c nRisc_core
Warning (20028): Parallel compilation is not licensed and has been disabled
Info (12021): Found 1 design units, including 1 entities, in source file nrisc_core.v
    Info (12023): Found entity 1: nRisc_core
Info (12021): Found 1 design units, including 1 entities, in source file program_counter.v
    Info (12023): Found entity 1: program_counter
Info (12021): Found 1 design units, including 1 entities, in source file instructions_memory.v
    Info (12023): Found entity 1: instructions_memory
Info (12021): Found 1 design units, including 1 entities, in source file mux_alpha.v
    Info (12023): Found entity 1: mux_alpha
Info (12021): Found 1 design units, including 1 entities, in source file controler.v
    Info (12023): Found entity 1: controler
Info (12021): Found 1 design units, including 1 entities, in source file registers.v
    Info (12023): Found entity 1: registers
Info (12021): Found 1 design units, including 1 entities, in source file alu.v
    Info (12023): Found entity 1: alu
Info (12021): Found 1 design units, including 1 entities, in source file memory.v
    Info (12023): Found entity 1: memory
Info (12127): Elaborating entity "nRisc_core" for the top level hierarchy
Info (12128): Elaborating entity "program_counter" for hierarchy "program_counter:PC_MODULE"
Warning (10230): Verilog HDL assignment warning at program_counter.v(55): truncated value with size 32 to match size of target (8)
Warning (10034): Output port "jumped" at program_counter.v(28) has no driver
Info (12128): Elaborating entity "instructions_memory" for hierarchy "instructions_memory:IM_MODULE"
Warning (10235): Verilog HDL Always Construct warning at instructions_memory.v(66): variable "pc" is read inside the Always Construct but isn't in the Always Construct's Event Control
Warning (10235): Verilog HDL Always Construct warning at instructions_memory.v(67): variable "signal" is read inside the Always Construct but isn't in the Always Construct's Event Control
Warning (10755): Verilog HDL warning at instructions_memory.v(64): assignments to signal create a combinational loop
Warning (10030): Net "memory.data_a" at instructions_memory.v(27) has no driver or initial value, using a default initial value '0'
Warning (10030): Net "memory.waddr_a" at instructions_memory.v(27) has no driver or initial value, using a default initial value '0'
Warning (10030): Net "memory.we_a" at instructions_memory.v(27) has no driver or initial value, using a default initial value '0'
Info (12128): Elaborating entity "mux_alpha" for hierarchy "mux_alpha:MX_MODULE"
Warning (10235): Verilog HDL Always Construct warning at mux_alpha.v(47): variable "instruction" is read inside the Always Construct but isn't in the Always Construct's Event Control
Warning (10235): Verilog HDL Always Construct warning at mux_alpha.v(48): variable "instruction" is read inside the Always Construct but isn't in the Always Construct's Event Control
Warning (10235): Verilog HDL Always Construct warning at mux_alpha.v(49): variable "instruction" is read inside the Always Construct but isn't in the Always Construct's Event Control
Warning (10235): Verilog HDL Always Construct warning at mux_alpha.v(50): variable "instruction" is read inside the Always Construct but isn't in the Always Construct's Event Control
Warning (10235): Verilog HDL Always Construct warning at mux_alpha.v(51): variable "signal" is read inside the Always Construct but isn't in the Always Construct's Event Control
Warning (10755): Verilog HDL warning at mux_alpha.v(45): assignments to signal create a combinational loop
Info (12128): Elaborating entity "controler" for hierarchy "controler:CT_MODULE"
Warning (10235): Verilog HDL Always Construct warning at controler.v(62): variable "li_instruction" is read inside the Always Construct but isn't in the Always Construct's Event Control
Warning (10235): Verilog HDL Always Construct warning at controler.v(63): variable "data" is read inside the Always Construct but isn't in the Always Construct's Event Control
Warning (10235): Verilog HDL Always Construct warning at controler.v(65): variable "signal" is read inside the Always Construct but isn't in the Always Construct's Event Control
Warning (10235): Verilog HDL Always Construct warning at controler.v(68): variable "instruction" is read inside the Always Construct but isn't in the Always Construct's Event Control
Warning (10235): Verilog HDL Always Construct warning at controler.v(68): variable "li_instruction" is read inside the Always Construct but isn't in the Always Construct's Event Control
Warning (10235): Verilog HDL Always Construct warning at controler.v(70): variable "instruction" is read inside the Always Construct but isn't in the Always Construct's Event Control
Warning (10235): Verilog HDL Always Construct warning at controler.v(71): variable "reg_alpha" is read inside the Always Construct but isn't in the Always Construct's Event Control
Warning (10235): Verilog HDL Always Construct warning at controler.v(74): variable "instruction" is read inside the Always Construct but isn't in the Always Construct's Event Control
Warning (10235): Verilog HDL Always Construct warning at controler.v(74): variable "li_instruction" is read inside the Always Construct but isn't in the Always Construct's Event Control
Warning (10235): Verilog HDL Always Construct warning at controler.v(76): variable "instruction" is read inside the Always Construct but isn't in the Always Construct's Event Control
Warning (10235): Verilog HDL Always Construct warning at controler.v(80): variable "reg_alpha" is read inside the Always Construct but isn't in the Always Construct's Event Control
Warning (10235): Verilog HDL Always Construct warning at controler.v(81): variable "reg_beta" is read inside the Always Construct but isn't in the Always Construct's Event Control
Warning (10235): Verilog HDL Always Construct warning at controler.v(82): variable "instruction" is read inside the Always Construct but isn't in the Always Construct's Event Control
Warning (10235): Verilog HDL Always Construct warning at controler.v(83): variable "signal" is read inside the Always Construct but isn't in the Always Construct's Event Control
Warning (10240): Verilog HDL Always Construct warning at controler.v(58): inferring latch(es) for variable "data_in", which holds its previous value in one or more paths through the always construct
Warning (10240): Verilog HDL Always Construct warning at controler.v(58): inferring latch(es) for variable "li_instruction", which holds its previous value in one or more paths through the always construct
Warning (10240): Verilog HDL Always Construct warning at controler.v(58): inferring latch(es) for variable "signal", which holds its previous value in one or more paths through the always construct
Warning (10240): Verilog HDL Always Construct warning at controler.v(58): inferring latch(es) for variable "operation", which holds its previous value in one or more paths through the always construct
Warning (10240): Verilog HDL Always Construct warning at controler.v(58): inferring latch(es) for variable "index_alpha", which holds its previous value in one or more paths through the always construct
Warning (10240): Verilog HDL Always Construct warning at controler.v(58): inferring latch(es) for variable "index_beta", which holds its previous value in one or more paths through the always construct
Info (10041): Inferred latch for "index_beta[0]" at controler.v(68)
Info (10041): Inferred latch for "index_beta[1]" at controler.v(68)
Info (10041): Inferred latch for "index_beta[2]" at controler.v(68)
Info (10041): Inferred latch for "index_alpha[0]" at controler.v(68)
Info (10041): Inferred latch for "index_alpha[1]" at controler.v(68)
Info (10041): Inferred latch for "index_alpha[2]" at controler.v(68)
Info (10041): Inferred latch for "operation[0]" at controler.v(68)
Info (10041): Inferred latch for "operation[1]" at controler.v(68)
Info (10041): Inferred latch for "operation[2]" at controler.v(68)
Info (10041): Inferred latch for "signal" at controler.v(68)
Info (10041): Inferred latch for "li_instruction" at controler.v(68)
Info (10041): Inferred latch for "data_in[0]" at controler.v(68)
Info (10041): Inferred latch for "data_in[1]" at controler.v(68)
Info (10041): Inferred latch for "data_in[2]" at controler.v(68)
Info (10041): Inferred latch for "data_in[3]" at controler.v(68)
Info (10041): Inferred latch for "data_in[4]" at controler.v(68)
Info (10041): Inferred latch for "data_in[5]" at controler.v(68)
Info (10041): Inferred latch for "data_in[6]" at controler.v(68)
Info (10041): Inferred latch for "data_in[7]" at controler.v(68)
Info (12128): Elaborating entity "registers" for hierarchy "registers:RT_MODULE"
Warning (10855): Verilog HDL warning at registers.v(55): initial value for variable memory should be constant
Warning (10235): Verilog HDL Always Construct warning at registers.v(66): variable "instruction" is read inside the Always Construct but isn't in the Always Construct's Event Control
Warning (10235): Verilog HDL Always Construct warning at registers.v(66): variable "await_solutions" is read inside the Always Construct but isn't in the Always Construct's Event Control
Warning (10235): Verilog HDL Always Construct warning at registers.v(67): variable "imediate" is read inside the Always Construct but isn't in the Always Construct's Event Control
Warning (10235): Verilog HDL Always Construct warning at registers.v(67): variable "reg_alpha" is read inside the Always Construct but isn't in the Always Construct's Event Control
Warning (10235): Verilog HDL Always Construct warning at registers.v(70): variable "await_solutions" is read inside the Always Construct but isn't in the Always Construct's Event Control
Warning (10235): Verilog HDL Always Construct warning at registers.v(71): variable "solution_alu" is read inside the Always Construct but isn't in the Always Construct's Event Control
Warning (10235): Verilog HDL Always Construct warning at registers.v(71): variable "memory_data" is read inside the Always Construct but isn't in the Always Construct's Event Control
Warning (10235): Verilog HDL Always Construct warning at registers.v(71): variable "temp_index" is read inside the Always Construct but isn't in the Always Construct's Event Control
Warning (10235): Verilog HDL Always Construct warning at registers.v(75): variable "instruction" is read inside the Always Construct but isn't in the Always Construct's Event Control
Warning (10235): Verilog HDL Always Construct warning at registers.v(75): variable "await_solutions" is read inside the Always Construct but isn't in the Always Construct's Event Control
Warning (10235): Verilog HDL Always Construct warning at registers.v(76): variable "instruction" is read inside the Always Construct but isn't in the Always Construct's Event Control
Warning (10235): Verilog HDL Always Construct warning at registers.v(79): variable "instruction" is read inside the Always Construct but isn't in the Always Construct's Event Control
Warning (10235): Verilog HDL Always Construct warning at registers.v(82): variable "reg_alpha" is read inside the Always Construct but isn't in the Always Construct's Event Control
Warning (10235): Verilog HDL Always Construct warning at registers.v(84): variable "reg_alpha" is read inside the Always Construct but isn't in the Always Construct's Event Control
Warning (10235): Verilog HDL Always Construct warning at registers.v(85): variable "reg_beta" is read inside the Always Construct but isn't in the Always Construct's Event Control
Warning (10235): Verilog HDL Always Construct warning at registers.v(86): variable "instruction" is read inside the Always Construct but isn't in the Always Construct's Event Control
Warning (10235): Verilog HDL Always Construct warning at registers.v(88): variable "signal" is read inside the Always Construct but isn't in the Always Construct's Event Control
Warning (10240): Verilog HDL Always Construct warning at registers.v(63): inferring latch(es) for variable "await_solutions", which holds its previous value in one or more paths through the always construct
Warning (10240): Verilog HDL Always Construct warning at registers.v(63): inferring latch(es) for variable "r_beq", which holds its previous value in one or more paths through the always construct
Warning (10240): Verilog HDL Always Construct warning at registers.v(63): inferring latch(es) for variable "temp_index", which holds its previous value in one or more paths through the always construct
Warning (10240): Verilog HDL Always Construct warning at registers.v(63): inferring latch(es) for variable "cache_a", which holds its previous value in one or more paths through the always construct
Warning (10240): Verilog HDL Always Construct warning at registers.v(63): inferring latch(es) for variable "cache_b", which holds its previous value in one or more paths through the always construct
Warning (10240): Verilog HDL Always Construct warning at registers.v(63): inferring latch(es) for variable "operation", which holds its previous value in one or more paths through the always construct
Warning (10240): Verilog HDL Always Construct warning at registers.v(63): inferring latch(es) for variable "signal", which holds its previous value in one or more paths through the always construct
Info (10041): Inferred latch for "signal" at registers.v(70)
Info (10041): Inferred latch for "operation[0]" at registers.v(70)
Info (10041): Inferred latch for "operation[1]" at registers.v(70)
Info (10041): Inferred latch for "operation[2]" at registers.v(70)
Info (10041): Inferred latch for "cache_b[0]" at registers.v(70)
Info (10041): Inferred latch for "cache_b[1]" at registers.v(70)
Info (10041): Inferred latch for "cache_b[2]" at registers.v(70)
Info (10041): Inferred latch for "cache_b[3]" at registers.v(70)
Info (10041): Inferred latch for "cache_b[4]" at registers.v(70)
Info (10041): Inferred latch for "cache_b[5]" at registers.v(70)
Info (10041): Inferred latch for "cache_b[6]" at registers.v(70)
Info (10041): Inferred latch for "cache_b[7]" at registers.v(70)
Info (10041): Inferred latch for "cache_a[0]" at registers.v(70)
Info (10041): Inferred latch for "cache_a[1]" at registers.v(70)
Info (10041): Inferred latch for "cache_a[2]" at registers.v(70)
Info (10041): Inferred latch for "cache_a[3]" at registers.v(70)
Info (10041): Inferred latch for "cache_a[4]" at registers.v(70)
Info (10041): Inferred latch for "cache_a[5]" at registers.v(70)
Info (10041): Inferred latch for "cache_a[6]" at registers.v(70)
Info (10041): Inferred latch for "cache_a[7]" at registers.v(70)
Info (10041): Inferred latch for "temp_index[0]" at registers.v(70)
Info (10041): Inferred latch for "temp_index[1]" at registers.v(70)
Info (10041): Inferred latch for "temp_index[2]" at registers.v(70)
Info (10041): Inferred latch for "r_beq[0]" at registers.v(70)
Info (10041): Inferred latch for "r_beq[1]" at registers.v(70)
Info (10041): Inferred latch for "r_beq[2]" at registers.v(70)
Info (10041): Inferred latch for "r_beq[3]" at registers.v(70)
Info (10041): Inferred latch for "r_beq[4]" at registers.v(70)
Info (10041): Inferred latch for "r_beq[5]" at registers.v(70)
Info (10041): Inferred latch for "r_beq[6]" at registers.v(70)
Info (10041): Inferred latch for "r_beq[7]" at registers.v(70)
Info (10041): Inferred latch for "await_solutions" at registers.v(70)
Info (10041): Inferred latch for "memory[0][0]" at registers.v(70)
Info (10041): Inferred latch for "memory[0][1]" at registers.v(70)
Info (10041): Inferred latch for "memory[0][2]" at registers.v(70)
Info (10041): Inferred latch for "memory[0][3]" at registers.v(70)
Info (10041): Inferred latch for "memory[0][4]" at registers.v(70)
Info (10041): Inferred latch for "memory[0][5]" at registers.v(70)
Info (10041): Inferred latch for "memory[0][6]" at registers.v(70)
Info (10041): Inferred latch for "memory[0][7]" at registers.v(70)
Info (10041): Inferred latch for "memory[1][0]" at registers.v(70)
Info (10041): Inferred latch for "memory[1][1]" at registers.v(70)
Info (10041): Inferred latch for "memory[1][2]" at registers.v(70)
Info (10041): Inferred latch for "memory[1][3]" at registers.v(70)
Info (10041): Inferred latch for "memory[1][4]" at registers.v(70)
Info (10041): Inferred latch for "memory[1][5]" at registers.v(70)
Info (10041): Inferred latch for "memory[1][6]" at registers.v(70)
Info (10041): Inferred latch for "memory[1][7]" at registers.v(70)
Info (10041): Inferred latch for "memory[2][0]" at registers.v(70)
Info (10041): Inferred latch for "memory[2][1]" at registers.v(70)
Info (10041): Inferred latch for "memory[2][2]" at registers.v(70)
Info (10041): Inferred latch for "memory[2][3]" at registers.v(70)
Info (10041): Inferred latch for "memory[2][4]" at registers.v(70)
Info (10041): Inferred latch for "memory[2][5]" at registers.v(70)
Info (10041): Inferred latch for "memory[2][6]" at registers.v(70)
Info (10041): Inferred latch for "memory[2][7]" at registers.v(70)
Info (10041): Inferred latch for "memory[3][0]" at registers.v(70)
Info (10041): Inferred latch for "memory[3][1]" at registers.v(70)
Info (10041): Inferred latch for "memory[3][2]" at registers.v(70)
Info (10041): Inferred latch for "memory[3][3]" at registers.v(70)
Info (10041): Inferred latch for "memory[3][4]" at registers.v(70)
Info (10041): Inferred latch for "memory[3][5]" at registers.v(70)
Info (10041): Inferred latch for "memory[3][6]" at registers.v(70)
Info (10041): Inferred latch for "memory[3][7]" at registers.v(70)
Info (10041): Inferred latch for "memory[4][0]" at registers.v(70)
Info (10041): Inferred latch for "memory[4][1]" at registers.v(70)
Info (10041): Inferred latch for "memory[4][2]" at registers.v(70)
Info (10041): Inferred latch for "memory[4][3]" at registers.v(70)
Info (10041): Inferred latch for "memory[4][4]" at registers.v(70)
Info (10041): Inferred latch for "memory[4][5]" at registers.v(70)
Info (10041): Inferred latch for "memory[4][6]" at registers.v(70)
Info (10041): Inferred latch for "memory[4][7]" at registers.v(70)
Info (10041): Inferred latch for "memory[5][0]" at registers.v(70)
Info (10041): Inferred latch for "memory[5][1]" at registers.v(70)
Info (10041): Inferred latch for "memory[5][2]" at registers.v(70)
Info (10041): Inferred latch for "memory[5][3]" at registers.v(70)
Info (10041): Inferred latch for "memory[5][4]" at registers.v(70)
Info (10041): Inferred latch for "memory[5][5]" at registers.v(70)
Info (10041): Inferred latch for "memory[5][6]" at registers.v(70)
Info (10041): Inferred latch for "memory[5][7]" at registers.v(70)
Info (10041): Inferred latch for "memory[6][0]" at registers.v(70)
Info (10041): Inferred latch for "memory[6][1]" at registers.v(70)
Info (10041): Inferred latch for "memory[6][2]" at registers.v(70)
Info (10041): Inferred latch for "memory[6][3]" at registers.v(70)
Info (10041): Inferred latch for "memory[6][4]" at registers.v(70)
Info (10041): Inferred latch for "memory[6][5]" at registers.v(70)
Info (10041): Inferred latch for "memory[6][6]" at registers.v(70)
Info (10041): Inferred latch for "memory[6][7]" at registers.v(70)
Info (10041): Inferred latch for "memory[7][0]" at registers.v(70)
Info (10041): Inferred latch for "memory[7][1]" at registers.v(70)
Info (10041): Inferred latch for "memory[7][2]" at registers.v(70)
Info (10041): Inferred latch for "memory[7][3]" at registers.v(70)
Info (10041): Inferred latch for "memory[7][4]" at registers.v(70)
Info (10041): Inferred latch for "memory[7][5]" at registers.v(70)
Info (10041): Inferred latch for "memory[7][6]" at registers.v(70)
Info (10041): Inferred latch for "memory[7][7]" at registers.v(70)
Info (12128): Elaborating entity "alu" for hierarchy "alu:AL_MODULE"
Warning (10235): Verilog HDL Always Construct warning at alu.v(58): variable "instruction" is read inside the Always Construct but isn't in the Always Construct's Event Control
Warning (10235): Verilog HDL Always Construct warning at alu.v(59): variable "reg_a" is read inside the Always Construct but isn't in the Always Construct's Event Control
Warning (10235): Verilog HDL Always Construct warning at alu.v(59): variable "reg_b" is read inside the Always Construct but isn't in the Always Construct's Event Control
Warning (10235): Verilog HDL Always Construct warning at alu.v(60): variable "signal" is read inside the Always Construct but isn't in the Always Construct's Event Control
Warning (10235): Verilog HDL Always Construct warning at alu.v(63): variable "instruction" is read inside the Always Construct but isn't in the Always Construct's Event Control
Warning (10235): Verilog HDL Always Construct warning at alu.v(64): variable "reg_a" is read inside the Always Construct but isn't in the Always Construct's Event Control
Warning (10235): Verilog HDL Always Construct warning at alu.v(64): variable "reg_b" is read inside the Always Construct but isn't in the Always Construct's Event Control
Warning (10235): Verilog HDL Always Construct warning at alu.v(65): variable "signal" is read inside the Always Construct but isn't in the Always Construct's Event Control
Warning (10235): Verilog HDL Always Construct warning at alu.v(68): variable "instruction" is read inside the Always Construct but isn't in the Always Construct's Event Control
Warning (10235): Verilog HDL Always Construct warning at alu.v(69): variable "reg_a" is read inside the Always Construct but isn't in the Always Construct's Event Control
Warning (10235): Verilog HDL Always Construct warning at alu.v(69): variable "reg_b" is read inside the Always Construct but isn't in the Always Construct's Event Control
Warning (10235): Verilog HDL Always Construct warning at alu.v(70): variable "signal" is read inside the Always Construct but isn't in the Always Construct's Event Control
Warning (10235): Verilog HDL Always Construct warning at alu.v(73): variable "instruction" is read inside the Always Construct but isn't in the Always Construct's Event Control
Warning (10235): Verilog HDL Always Construct warning at alu.v(74): variable "reg_a" is read inside the Always Construct but isn't in the Always Construct's Event Control
Warning (10235): Verilog HDL Always Construct warning at alu.v(74): variable "reg_b" is read inside the Always Construct but isn't in the Always Construct's Event Control
Warning (10235): Verilog HDL Always Construct warning at alu.v(79): variable "signal" is read inside the Always Construct but isn't in the Always Construct's Event Control
Warning (10235): Verilog HDL Always Construct warning at alu.v(81): variable "instruction" is read inside the Always Construct but isn't in the Always Construct's Event Control
Warning (10235): Verilog HDL Always Construct warning at alu.v(82): variable "r_beq" is read inside the Always Construct but isn't in the Always Construct's Event Control
Warning (10235): Verilog HDL Always Construct warning at alu.v(83): variable "reg_a" is read inside the Always Construct but isn't in the Always Construct's Event Control
Warning (10235): Verilog HDL Always Construct warning at alu.v(85): variable "r_beq" is read inside the Always Construct but isn't in the Always Construct's Event Control
Warning (10235): Verilog HDL Always Construct warning at alu.v(86): variable "reg_b" is read inside the Always Construct but isn't in the Always Construct's Event Control
Warning (10235): Verilog HDL Always Construct warning at alu.v(88): variable "reg_a" is read inside the Always Construct but isn't in the Always Construct's Event Control
Warning (10240): Verilog HDL Always Construct warning at alu.v(53): inferring latch(es) for variable "signal", which holds its previous value in one or more paths through the always construct
Warning (10240): Verilog HDL Always Construct warning at alu.v(53): inferring latch(es) for variable "reg_jump_data", which holds its previous value in one or more paths through the always construct
Info (10041): Inferred latch for "signal" at alu.v(81)
Info (10041): Inferred latch for "reg_jump_data[0]" at alu.v(81)
Info (10041): Inferred latch for "reg_jump_data[1]" at alu.v(81)
Info (10041): Inferred latch for "reg_jump_data[2]" at alu.v(81)
Info (10041): Inferred latch for "reg_jump_data[3]" at alu.v(81)
Info (10041): Inferred latch for "reg_jump_data[4]" at alu.v(81)
Info (10041): Inferred latch for "reg_jump_data[5]" at alu.v(81)
Info (10041): Inferred latch for "reg_jump_data[6]" at alu.v(81)
Info (10041): Inferred latch for "reg_jump_data[7]" at alu.v(81)
Info (12128): Elaborating entity "memory" for hierarchy "memory:ME_MODULE"
Warning (10235): Verilog HDL Always Construct warning at memory.v(45): variable "instruction" is read inside the Always Construct but isn't in the Always Construct's Event Control
Warning (10235): Verilog HDL Always Construct warning at memory.v(46): variable "reg_alpha" is read inside the Always Construct but isn't in the Always Construct's Event Control
Warning (10235): Verilog HDL Always Construct warning at memory.v(46): variable "reg_beta" is read inside the Always Construct but isn't in the Always Construct's Event Control
Warning (10235): Verilog HDL Always Construct warning at memory.v(47): variable "signal" is read inside the Always Construct but isn't in the Always Construct's Event Control
Warning (10235): Verilog HDL Always Construct warning at memory.v(50): variable "instruction" is read inside the Always Construct but isn't in the Always Construct's Event Control
Warning (10235): Verilog HDL Always Construct warning at memory.v(51): variable "reg_beta" is read inside the Always Construct but isn't in the Always Construct's Event Control
Warning (10235): Verilog HDL Always Construct warning at memory.v(52): variable "signal" is read inside the Always Construct but isn't in the Always Construct's Event Control
Warning (10240): Verilog HDL Always Construct warning at memory.v(41): inferring latch(es) for variable "signal", which holds its previous value in one or more paths through the always construct
Info (10041): Inferred latch for "signal" at memory.v(50)
Warning (12011): Net is missing source, defaulting to GND
    Warning (12110): Net "pc_signal[7]" is missing source, defaulting to GND
    Warning (12110): Net "pc_signal[6]" is missing source, defaulting to GND
    Warning (12110): Net "pc_signal[5]" is missing source, defaulting to GND
    Warning (12110): Net "pc_signal[4]" is missing source, defaulting to GND
    Warning (12110): Net "pc_signal[3]" is missing source, defaulting to GND
    Warning (12110): Net "pc_signal[2]" is missing source, defaulting to GND
    Warning (12110): Net "pc_signal[1]" is missing source, defaulting to GND
Warning (12241): 2 hierarchies have connectivity warnings - see the Connectivity Checks report folder
Info (16010): Generating hard_block partition "hard_block:auto_generated_inst"
    Info (16011): Adding 0 node(s), including 0 DDIO, 0 PLL, 0 transceiver and 0 LCELL
Warning (21074): Design contains 1 input pin(s) that do not drive logic
    Warning (15610): No output dependent on input pin "clock"
Info (21057): Implemented 1 device resources after synthesis - the final resource count might be different
    Info (21058): Implemented 1 input pins
    Info (21059): Implemented 0 output pins
Info: Quartus II 64-Bit Analysis & Synthesis was successful. 0 errors, 103 warnings
    Info: Peak virtual memory: 4586 megabytes
    Info: Processing ended: Fri Feb 04 15:26:22 2022
    Info: Elapsed time: 00:00:02
    Info: Total CPU time (on all processors): 00:00:01


